app/app/build/intermediates/manifest_merge_blame_file/release/processReleaseMainManifest/manifest-merger-blame-release-report.txt
1<?xml version="1.0" encoding="utf-8"?>
2<manifest xmlns:android="http://schemas.android.com/apk/res/android"
3    package="com.edgemind.app"
4    android:versionCode="1"
5    android:versionName="1.0.0" >
6
7    <uses-sdk
8        android:minSdkVersion="28"
9        android:targetSdkVersion="35" />
10
11    <uses-permission android:name="android.permission.INTERNET" />
11-->src\main\AndroidManifest.xml:4:5-67
11-->src\main\AndroidManifest.xml:4:22-64
12    <uses-permission android:name="android.permission.FOREGROUND_SERVICE" />
12-->src\main\AndroidManifest.xml:5:5-77
12-->src\main\AndroidManifest.xml:5:22-74
13    <uses-permission android:name="android.permission.FOREGROUND_SERVICE_DATA_SYNC" />
13-->src\main\AndroidManifest.xml:6:5-87
13-->src\main\AndroidManifest.xml:6:22-84
14    <uses-permission android:name="android.permission.POST_NOTIFICATIONS" />
14-->src\main\AndroidManifest.xml:7:5-77
14-->src\main\AndroidManifest.xml:7:22-74
15    <uses-permission android:name="android.permission.CAMERA" />
15-->src\main\AndroidManifest.xml:8:5-65
15-->src\main\AndroidManifest.xml:8:22-62
16
17    <uses-feature
17-->src\main\AndroidManifest.xml:10:5-85
18        android:name="android.hardware.camera"
18-->src\main\AndroidManifest.xml:10:19-57
19        android:required="false" />
19-->src\main\AndroidManifest.xml:10:58-82
20
21    <uses-permission android:name="android.permission.WAKE_LOCK" />
21-->[androidx.work:work-runtime:2.10.0] AndroidManifest.xml:23:5-68
21-->[androidx.work:work-runtime:2.10.0] AndroidManifest.xml:23:22-65
22    <uses-permission android:name="android.permission.ACCESS_NETWORK_STATE" />
22-->[androidx.work:work-runtime:2.10.0] AndroidManifest.xml:24:5-79
22-->[androidx.work:work-runtime:2.10.0] AndroidManifest.xml:24:22-76
23    <uses-permission android:name="android.permission.RECEIVE_BOOT_COMPLETED" />
23-->[androidx.work:work-runtime:2.10.0] AndroidManifest.xml:25:5-81
23-->[androidx.work:work-runtime:2.10.0] AndroidManifest.xml:25:22-78
24
25    <permission
25-->[androidx.core:core:1.16.0] AndroidManifest.xml:22:5-24:47
26        android:name="com.edgemind.app.DYNAMIC_RECEIVER_NOT_EXPORTED_PERMISSION"
26-->[androidx.core:core:1.16.0] AndroidManifest.xml:23:9-81
27        android:protectionLevel="signature" />
27-->[androidx.core:core:1.16.0] AndroidManifest.xml:24:9-44
28
29    <uses-permission android:name="com.edgemind.app.DYNAMIC_RECEIVER_NOT_EXPORTED_PERMISSION" />
29-->[androidx.core:core:1.16.0] AndroidManifest.xml:26:5-97
29-->[androidx.core:core:1.16.0] AndroidManifest.xml:26:22-94
30
31    <application
31-->src\main\AndroidManifest.xml:12:5-49:19
32        android:name="com.edgemind.app.EdgeMindApp"
32-->src\main\AndroidManifest.xml:13:9-36
33        android:allowBackup="true"
33-->src\main\AndroidManifest.xml:14:9-35
34        android:appComponentFactory="androidx.core.app.CoreComponentFactory"
34-->[androidx.core:core:1.16.0] AndroidManifest.xml:28:18-86
35        android:extractNativeLibs="false"
36        android:label="EdgeMind"
36-->src\main\AndroidManifest.xml:15:9-33
37        android:largeHeap="true"
37-->src\main\AndroidManifest.xml:18:9-33
38        android:supportsRtl="true"
38-->src\main\AndroidManifest.xml:16:9-35
39        android:theme="@style/Theme.EdgeMind" >
39-->src\main\AndroidManifest.xml:17:9-46
40        <activity
40-->src\main\AndroidManifest.xml:20:9-28:20
41            android:name="com.edgemind.app.MainActivity"
41-->src\main\AndroidManifest.xml:21:13-41
42            android:exported="true"
42-->src\main\AndroidManifest.xml:22:13-36
43            android:theme="@style/Theme.EdgeMind" >
43-->src\main\AndroidManifest.xml:23:13-50
44            <intent-filter>
44-->src\main\AndroidManifest.xml:24:13-27:29
45                <action android:name="android.intent.action.MAIN" />
45-->src\main\AndroidManifest.xml:25:17-69
45-->src\main\AndroidManifest.xml:25:25-66
46
47                <category android:name="android.intent.category.LAUNCHER" />
47-->src\main\AndroidManifest.xml:26:17-77
47-->src\main\AndroidManifest.xml:26:27-74
48            </intent-filter>
49        </activity>
50
51        <!-- FileProvider for camera image capture -->
52        <provider
53            android:name="androidx.core.content.FileProvider"
53-->src\main\AndroidManifest.xml:32:13-62
54            android:authorities="com.edgemind.app.fileprovider"
54-->src\main\AndroidManifest.xml:33:13-64
55            android:exported="false"
55-->src\main\AndroidManifest.xml:34:13-37
56            android:grantUriPermissions="true" >
56-->src\main\AndroidManifest.xml:35:13-47
57            <meta-data
57-->src\main\AndroidManifest.xml:36:13-38:54
58                android:name="android.support.FILE_PROVIDER_PATHS"
58-->src\main\AndroidManifest.xml:37:17-67
59                android:resource="@xml/file_paths" />
59-->src\main\AndroidManifest.xml:38:17-51
60        </provider>
61
62        <!-- Required for DownloadWorker foreground service on Android 14+ -->
63        <service
63-->src\main\AndroidManifest.xml:42:9-45:40
64            android:name="androidx.work.impl.foreground.SystemForegroundService"
64-->src\main\AndroidManifest.xml:43:13-81
65            android:directBootAware="false"
65-->[androidx.work:work-runtime:2.10.0] AndroidManifest.xml:55:13-44
66            android:enabled="@bool/enable_system_foreground_service_default"
66-->[androidx.work:work-runtime:2.10.0] AndroidManifest.xml:56:13-77
67            android:exported="false"
67-->src\main\AndroidManifest.xml:45:13-37
68            android:foregroundServiceType="dataSync" />
68-->src\main\AndroidManifest.xml:44:13-53
69
70        <uses-native-library
70-->src\main\AndroidManifest.xml:47:9-89
71            android:name="libvndksupport.so"
71-->src\main\AndroidManifest.xml:47:30-62
72            android:required="false" />
72-->src\main\AndroidManifest.xml:47:63-87
73        <uses-native-library
73-->src\main\AndroidManifest.xml:47:9-89
74            android:name="libOpenCL.so"
74-->src\main\AndroidManifest.xml:47:30-62
75            android:required="false" />
75-->src\main\AndroidManifest.xml:47:63-87
76
77        <provider
77-->[androidx.work:work-runtime:2.10.0] AndroidManifest.xml:29:9-37:20
78            android:name="androidx.startup.InitializationProvider"
78-->[androidx.work:work-runtime:2.10.0] AndroidManifest.xml:30:13-67
79            android:authorities="com.edgemind.app.androidx-startup"
79-->[androidx.work:work-runtime:2.10.0] AndroidManifest.xml:31:13-68
80            android:exported="false" >
80-->[androidx.work:work-runtime:2.10.0] AndroidManifest.xml:32:13-37
81            <meta-data
81-->[androidx.work:work-runtime:2.10.0] AndroidManifest.xml:34:13-36:52
82                android:name="androidx.work.WorkManagerInitializer"
82-->[androidx.work:work-runtime:2.10.0] AndroidManifest.xml:35:17-68
83                android:value="androidx.startup" />
83-->[androidx.work:work-runtime:2.10.0] AndroidManifest.xml:36:17-49
84            <meta-data
84-->[androidx.emoji2:emoji2:1.4.0] AndroidManifest.xml:29:13-31:52
85                android:name="androidx.emoji2.text.EmojiCompatInitializer"
85-->[androidx.emoji2:emoji2:1.4.0] AndroidManifest.xml:30:17-75
86                android:value="androidx.startup" />
86-->[androidx.emoji2:emoji2:1.4.0] AndroidManifest.xml:31:17-49
87            <meta-data
87-->[androidx.lifecycle:lifecycle-process:2.9.4] AndroidManifest.xml:29:13-31:52
88                android:name="androidx.lifecycle.ProcessLifecycleInitializer"
88-->[androidx.lifecycle:lifecycle-process:2.9.4] AndroidManifest.xml:30:17-78
89                android:value="androidx.startup" />
89-->[androidx.lifecycle:lifecycle-process:2.9.4] AndroidManifest.xml:31:17-49
90            <meta-data
90-->[androidx.profileinstaller:profileinstaller:1.4.0] AndroidManifest.xml:29:13-31:52
91                android:name="androidx.profileinstaller.ProfileInstallerInitializer"
91-->[androidx.profileinstaller:profileinstaller:1.4.0] AndroidManifest.xml:30:17-85
92                android:value="androidx.startup" />
92-->[androidx.profileinstaller:profileinstaller:1.4.0] AndroidManifest.xml:31:17-49
93        </provider>
94
95        <service
95-->[androidx.work:work-runtime:2.10.0] AndroidManifest.xml:39:9-45:35
96            android:name="androidx.work.impl.background.systemalarm.SystemAlarmService"
96-->[androidx.work:work-runtime:2.10.0] AndroidManifest.xml:40:13-88
97            android:directBootAware="false"
97-->[androidx.work:work-runtime:2.10.0] AndroidManifest.xml:41:13-44
98            android:enabled="@bool/enable_system_alarm_service_default"
98-->[androidx.work:work-runtime:2.10.0] AndroidManifest.xml:42:13-72
99            android:exported="false" />
99-->[androidx.work:work-runtime:2.10.0] AndroidManifest.xml:43:13-37
100        <service
100-->[androidx.work:work-runtime:2.10.0] AndroidManifest.xml:46:9-52:35
101            android:name="androidx.work.impl.background.systemjob.SystemJobService"
101-->[androidx.work:work-runtime:2.10.0] AndroidManifest.xml:47:13-84
102            android:directBootAware="false"
102-->[androidx.work:work-runtime:2.10.0] AndroidManifest.xml:48:13-44
103            android:enabled="@bool/enable_system_job_service_default"
103-->[androidx.work:work-runtime:2.10.0] AndroidManifest.xml:49:13-70
104            android:exported="true"
104-->[androidx.work:work-runtime:2.10.0] AndroidManifest.xml:50:13-36
105            android:permission="android.permission.BIND_JOB_SERVICE" />
105-->[androidx.work:work-runtime:2.10.0] AndroidManifest.xml:51:13-69
106
107        <receiver
107-->[androidx.work:work-runtime:2.10.0] AndroidManifest.xml:61:9-66:35
108            android:name="androidx.work.impl.utils.ForceStopRunnable$BroadcastReceiver"
108-->[androidx.work:work-runtime:2.10.0] AndroidManifest.xml:62:13-88
109            android:directBootAware="false"
109-->[androidx.work:work-runtime:2.10.0] AndroidManifest.xml:63:13-44
110            android:enabled="true"
110-->[androidx.work:work-runtime:2.10.0] AndroidManifest.xml:64:13-35
111            android:exported="false" />
111-->[androidx.work:work-runtime:2.10.0] AndroidManifest.xml:65:13-37
112        <receiver
112-->[androidx.work:work-runtime:2.10.0] AndroidManifest.xml:67:9-77:20
113            android:name="androidx.work.impl.background.systemalarm.ConstraintProxy$BatteryChargingProxy"
113-->[androidx.work:work-runtime:2.10.0] AndroidManifest.xml:68:13-106
114            android:directBootAware="false"
114-->[androidx.work:work-runtime:2.10.0] AndroidManifest.xml:69:13-44
115            android:enabled="false"
115-->[androidx.work:work-runtime:2.10.0] AndroidManifest.xml:70:13-36
116            android:exported="false" >
116-->[androidx.work:work-runtime:2.10.0] AndroidManifest.xml:71:13-37
117            <intent-filter>
117-->[androidx.work:work-runtime:2.10.0] AndroidManifest.xml:73:13-76:29
118                <action android:name="android.intent.action.ACTION_POWER_CONNECTED" />
118-->[androidx.work:work-runtime:2.10.0] AndroidManifest.xml:74:17-87
118-->[androidx.work:work-runtime:2.10.0] AndroidManifest.xml:74:25-84
119                <action android:name="android.intent.action.ACTION_POWER_DISCONNECTED" />
119-->[androidx.work:work-runtime:2.10.0] AndroidManifest.xml:75:17-90
119-->[androidx.work:work-runtime:2.10.0] AndroidManifest.xml:75:25-87
120            </intent-filter>
121        </receiver>
122        <receiver
122-->[androidx.work:work-runtime:2.10.0] AndroidManifest.xml:78:9-88:20
123            android:name="androidx.work.impl.background.systemalarm.ConstraintProxy$BatteryNotLowProxy"
123-->[androidx.work:work-runtime:2.10.0] AndroidManifest.xml:79:13-104
124            android:directBootAware="false"
124-->[androidx.work:work-runtime:2.10.0] AndroidManifest.xml:80:13-44
125            android:enabled="false"
125-->[androidx.work:work-runtime:2.10.0] AndroidManifest.xml:81:13-36
126            android:exported="false" >
126-->[androidx.work:work-runtime:2.10.0] AndroidManifest.xml:82:13-37
127            <intent-filter>
127-->[androidx.work:work-runtime:2.10.0] AndroidManifest.xml:84:13-87:29
128                <action android:name="android.intent.action.BATTERY_OKAY" />
128-->[androidx.work:work-runtime:2.10.0] AndroidManifest.xml:85:17-77
128-->[androidx.work:work-runtime:2.10.0] AndroidManifest.xml:85:25-74
129                <action android:name="android.intent.action.BATTERY_LOW" />
129-->[androidx.work:work-runtime:2.10.0] AndroidManifest.xml:86:17-76
129-->[androidx.work:work-runtime:2.10.0] AndroidManifest.xml:86:25-73
130            </intent-filter>
131        </receiver>
132        <receiver
132-->[androidx.work:work-runtime:2.10.0] AndroidManifest.xml:89:9-99:20
133            android:name="androidx.work.impl.background.systemalarm.ConstraintProxy$StorageNotLowProxy"
133-->[androidx.work:work-runtime:2.10.0] AndroidManifest.xml:90:13-104
134            android:directBootAware="false"
134-->[androidx.work:work-runtime:2.10.0] AndroidManifest.xml:91:13-44
135            android:enabled="false"
135-->[androidx.work:work-runtime:2.10.0] AndroidManifest.xml:92:13-36
136            android:exported="false" >
136-->[androidx.work:work-runtime:2.10.0] AndroidManifest.xml:93:13-37
137            <intent-filter>
137-->[androidx.work:work-runtime:2.10.0] AndroidManifest.xml:95:13-98:29
138                <action android:name="android.intent.action.DEVICE_STORAGE_LOW" />
138-->[androidx.work:work-runtime:2.10.0] AndroidManifest.xml:96:17-83
138-->[androidx.work:work-runtime:2.10.0] AndroidManifest.xml:96:25-80
139                <action android:name="android.intent.action.DEVICE_STORAGE_OK" />
139-->[androidx.work:work-runtime:2.10.0] AndroidManifest.xml:97:17-82
139-->[androidx.work:work-runtime:2.10.0] AndroidManifest.xml:97:25-79
140            </intent-filter>
141        </receiver>
142        <receiver
142-->[androidx.work:work-runtime:2.10.0] AndroidManifest.xml:100:9-109:20
143            android:name="androidx.work.impl.background.systemalarm.ConstraintProxy$NetworkStateProxy"
143-->[androidx.work:work-runtime:2.10.0] AndroidManifest.xml:101:13-103
144            android:directBootAware="false"
144-->[androidx.work:work-runtime:2.10.0] AndroidManifest.xml:102:13-44
145            android:enabled="false"
145-->[androidx.work:work-runtime:2.10.0] AndroidManifest.xml:103:13-36
146            android:exported="false" >
146-->[androidx.work:work-runtime:2.10.0] AndroidManifest.xml:104:13-37
147            <intent-filter>
147-->[androidx.work:work-runtime:2.10.0] AndroidManifest.xml:106:13-108:29
148                <action android:name="android.net.conn.CONNECTIVITY_CHANGE" />
148-->[androidx.work:work-runtime:2.10.0] AndroidManifest.xml:107:17-79
148-->[androidx.work:work-runtime:2.10.0] AndroidManifest.xml:107:25-76
149            </intent-filter>
150        </receiver>
151        <receiver
151-->[androidx.work:work-runtime:2.10.0] AndroidManifest.xml:110:9-121:20
152            android:name="androidx.work.impl.background.systemalarm.RescheduleReceiver"
152-->[androidx.work:work-runtime:2.10.0] AndroidManifest.xml:111:13-88
153            android:directBootAware="false"
153-->[androidx.work:work-runtime:2.10.0] AndroidManifest.xml:112:13-44
154            android:enabled="false"
154-->[androidx.work:work-runtime:2.10.0] AndroidManifest.xml:113:13-36
155            android:exported="false" >
155-->[androidx.work:work-runtime:2.10.0] AndroidManifest.xml:114:13-37
156            <intent-filter>
156-->[androidx.work:work-runtime:2.10.0] AndroidManifest.xml:116:13-120:29
157                <action android:name="android.intent.action.BOOT_COMPLETED" />
157-->[androidx.work:work-runtime:2.10.0] AndroidManifest.xml:117:17-79
157-->[androidx.work:work-runtime:2.10.0] AndroidManifest.xml:117:25-76
158                <action android:name="android.intent.action.TIME_SET" />
158-->[androidx.work:work-runtime:2.10.0] AndroidManifest.xml:118:17-73
158-->[androidx.work:work-runtime:2.10.0] AndroidManifest.xml:118:25-70
159                <action android:name="android.intent.action.TIMEZONE_CHANGED" />
159-->[androidx.work:work-runtime:2.10.0] AndroidManifest.xml:119:17-81
159-->[androidx.work:work-runtime:2.10.0] AndroidManifest.xml:119:25-78
160            </intent-filter>
161        </receiver>
162        <receiver
162-->[androidx.work:work-runtime:2.10.0] AndroidManifest.xml:122:9-131:20
163            android:name="androidx.work.impl.background.systemalarm.ConstraintProxyUpdateReceiver"
163-->[androidx.work:work-runtime:2.10.0] AndroidManifest.xml:123:13-99
164            android:directBootAware="false"
164-->[androidx.work:work-runtime:2.10.0] AndroidManifest.xml:124:13-44
165            android:enabled="@bool/enable_system_alarm_service_default"
165-->[androidx.work:work-runtime:2.10.0] AndroidManifest.xml:125:13-72
166            android:exported="false" >
166-->[androidx.work:work-runtime:2.10.0] AndroidManifest.xml:126:13-37
167            <intent-filter>
167-->[androidx.work:work-runtime:2.10.0] AndroidManifest.xml:128:13-130:29
168                <action android:name="androidx.work.impl.background.systemalarm.UpdateProxies" />
168-->[androidx.work:work-runtime:2.10.0] AndroidManifest.xml:129:17-98
168-->[androidx.work:work-runtime:2.10.0] AndroidManifest.xml:129:25-95
169            </intent-filter>
170        </receiver>
171        <receiver
171-->[androidx.work:work-runtime:2.10.0] AndroidManifest.xml:132:9-142:20
172            android:name="androidx.work.impl.diagnostics.DiagnosticsReceiver"
172-->[androidx.work:work-runtime:2.10.0] AndroidManifest.xml:133:13-78
173            android:directBootAware="false"
173-->[androidx.work:work-runtime:2.10.0] AndroidManifest.xml:134:13-44
174            android:enabled="true"
174-->[androidx.work:work-runtime:2.10.0] AndroidManifest.xml:135:13-35
175            android:exported="true"
175-->[androidx.work:work-runtime:2.10.0] AndroidManifest.xml:136:13-36
176            android:permission="android.permission.DUMP" >
176-->[androidx.work:work-runtime:2.10.0] AndroidManifest.xml:137:13-57
177            <intent-filter>
177-->[androidx.work:work-runtime:2.10.0] AndroidManifest.xml:139:13-141:29
178                <action android:name="androidx.work.diagnostics.REQUEST_DIAGNOSTICS" />
178-->[androidx.work:work-runtime:2.10.0] AndroidManifest.xml:140:17-88
178-->[androidx.work:work-runtime:2.10.0] AndroidManifest.xml:140:25-85
179            </intent-filter>
180        </receiver>
181
182        <uses-library
182-->[androidx.window:window:1.5.0] AndroidManifest.xml:23:9-25:40
183            android:name="androidx.window.extensions"
183-->[androidx.window:window:1.5.0] AndroidManifest.xml:24:13-54
184            android:required="false" />
184-->[androidx.window:window:1.5.0] AndroidManifest.xml:25:13-37
185        <uses-library
185-->[androidx.window:window:1.5.0] AndroidManifest.xml:26:9-28:40
186            android:name="androidx.window.sidecar"
186-->[androidx.window:window:1.5.0] AndroidManifest.xml:27:13-51
187            android:required="false" />
187-->[androidx.window:window:1.5.0] AndroidManifest.xml:28:13-37
188
189        <service
189-->[androidx.room:room-runtime-android:2.7.1] AndroidManifest.xml:24:9-28:63
190            android:name="androidx.room.MultiInstanceInvalidationService"
190-->[androidx.room:room-runtime-android:2.7.1] AndroidManifest.xml:25:13-74
191            android:directBootAware="true"
191-->[androidx.room:room-runtime-android:2.7.1] AndroidManifest.xml:26:13-43
192            android:exported="false" />
192-->[androidx.room:room-runtime-android:2.7.1] AndroidManifest.xml:27:13-37
193
194        <receiver
194-->[androidx.profileinstaller:profileinstaller:1.4.0] AndroidManifest.xml:34:9-52:20
195            android:name="androidx.profileinstaller.ProfileInstallReceiver"
195-->[androidx.profileinstaller:profileinstaller:1.4.0] AndroidManifest.xml:35:13-76
196            android:directBootAware="false"
196-->[androidx.profileinstaller:profileinstaller:1.4.0] AndroidManifest.xml:36:13-44
197            android:enabled="true"
197-->[androidx.profileinstaller:profileinstaller:1.4.0] AndroidManifest.xml:37:13-35
198            android:exported="true"
198-->[androidx.profileinstaller:profileinstaller:1.4.0] AndroidManifest.xml:38:13-36
199            android:permission="android.permission.DUMP" >
199-->[androidx.profileinstaller:profileinstaller:1.4.0] AndroidManifest.xml:39:13-57
200            <intent-filter>
200-->[androidx.profileinstaller:profileinstaller:1.4.0] AndroidManifest.xml:40:13-42:29
201                <action android:name="androidx.profileinstaller.action.INSTALL_PROFILE" />
201-->[androidx.profileinstaller:profileinstaller:1.4.0] AndroidManifest.xml:41:17-91
201-->[androidx.profileinstaller:profileinstaller:1.4.0] AndroidManifest.xml:41:25-88
202            </intent-filter>
203            <intent-filter>
203-->[androidx.profileinstaller:profileinstaller:1.4.0] AndroidManifest.xml:43:13-45:29
204                <action android:name="androidx.profileinstaller.action.SKIP_FILE" />
204-->[androidx.profileinstaller:profileinstaller:1.4.0] AndroidManifest.xml:44:17-85
204-->[androidx.profileinstaller:profileinstaller:1.4.0] AndroidManifest.xml:44:25-82
205            </intent-filter>
206            <intent-filter>
206-->[androidx.profileinstaller:profileinstaller:1.4.0] AndroidManifest.xml:46:13-48:29
207                <action android:name="androidx.profileinstaller.action.SAVE_PROFILE" />
207-->[androidx.profileinstaller:profileinstaller:1.4.0] AndroidManifest.xml:47:17-88
207-->[androidx.profileinstaller:profileinstaller:1.4.0] AndroidManifest.xml:47:25-85
208            </intent-filter>
209            <intent-filter>
209-->[androidx.profileinstaller:profileinstaller:1.4.0] AndroidManifest.xml:49:13-51:29
210                <action android:name="androidx.profileinstaller.action.BENCHMARK_OPERATION" />
210-->[androidx.profileinstaller:profileinstaller:1.4.0] AndroidManifest.xml:50:17-95
210-->[androidx.profileinstaller:profileinstaller:1.4.0] AndroidManifest.xml:50:25-92
211            </intent-filter>
212        </receiver>
213    </application>
214
215</manifest>